<?xml version="1.0" encoding="UTF-8"?>
<!-- Generated by org.testng.reporters.JUnitXMLReporter -->
<testsuite ignored="0" hostname="DESKTOP-015DLJU" failures="0" tests="6" name="Default test" time="19.971" errors="0" timestamp="2024-06-24T13:21:05 IST">
  <testcase classname="com.SwagLabs.TestCases.CartPageTest" name="verifyIemDetail" time="0.046"/>
  <testcase classname="com.SwagLabs.TestCases.CartPageTest" name="verifyRemove" time="0.099"/>
  <testcase classname="com.SwagLabs.TestCases.CartPageTest" name="verifyContinueShop" time="7.389"/>
  <testcase classname="com.SwagLabs.TestCases.CartPageTest" name="verifyCheckout" time="0.544"/>
  <testcase classname="com.SwagLabs.TestCases.CartPageTest" name="verifyPaymentPage" time="0.076"/>
  <testcase classname="com.SwagLabs.TestCases.CartPageTest" name="verifyPurchaseOver" time="0.139"/>
</testsuite> <!-- Default test -->
