<?xml version="1.0" encoding="UTF-8"?>
<!-- Generated by org.testng.reporters.JUnitXMLReporter -->
<testsuite ignored="0" hostname="DESKTOP-015DLJU" failures="0" tests="6" name="CartTest" time="22.85" errors="0" timestamp="2024-07-08T02:08:39 IST">
  <testcase classname="com.SwagLabs.TestCases.CartPageTest" name="verifyIemDetail" time="0.068"/>
  <testcase classname="com.SwagLabs.TestCases.CartPageTest" name="verifyRemove" time="0.176"/>
  <testcase classname="com.SwagLabs.TestCases.CartPageTest" name="verifyContinueShop" time="7.792"/>
  <testcase classname="com.SwagLabs.TestCases.CartPageTest" name="verifyCheckout" time="0.986"/>
  <testcase classname="com.SwagLabs.TestCases.CartPageTest" name="verifyPaymentPage" time="0.124"/>
  <testcase classname="com.SwagLabs.TestCases.CartPageTest" name="verifyPurchaseOver" time="0.217"/>
</testsuite> <!-- CartTest -->
