<?xml version="1.0" encoding="UTF-8"?>
<!-- Generated by org.testng.reporters.JUnitXMLReporter -->
<testsuite ignored="0" hostname="DESKTOP-015DLJU" failures="0" tests="6" name="CartTest" time="20.7" errors="0" timestamp="2024-07-27T20:26:08 IST">
  <testcase classname="com.SwagLabs.TestCases.CartPageTest" name="verifyIemDetail" time="0.036"/>
  <testcase classname="com.SwagLabs.TestCases.CartPageTest" name="verifyRemove" time="0.091"/>
  <testcase classname="com.SwagLabs.TestCases.CartPageTest" name="verifyContinueShop" time="7.45"/>
  <testcase classname="com.SwagLabs.TestCases.CartPageTest" name="verifyCheckout" time="0.881"/>
  <testcase classname="com.SwagLabs.TestCases.CartPageTest" name="verifyPaymentPage" time="0.162"/>
  <testcase classname="com.SwagLabs.TestCases.CartPageTest" name="verifyPurchaseOver" time="0.391"/>
</testsuite> <!-- CartTest -->
