<?xml version="1.0" encoding="UTF-8"?>
<!-- Generated by org.testng.reporters.JUnitXMLReporter -->
<testsuite ignored="0" hostname="DESKTOP-015DLJU" failures="0" tests="5" name="InventoryTest" time="13.395" errors="0" timestamp="2024-07-27T20:25:47 IST">
  <testcase classname="com.SwagLabs.TestCases.InventoryPageTest" name="verifySortItems" time="2.221"/>
  <testcase classname="com.SwagLabs.TestCases.InventoryPageTest" name="verifyproductDisplay" time="0.135"/>
  <testcase classname="com.SwagLabs.TestCases.InventoryPageTest" name="verifyproductCount" time="0.016"/>
  <testcase classname="com.SwagLabs.TestCases.InventoryPageTest" name="verifyaddProductToCart" time="4.244"/>
  <testcase classname="com.SwagLabs.TestCases.InventoryPageTest" name="verifyCartcheck" time="3.107"/>
</testsuite> <!-- InventoryTest -->
