<?xml version="1.0" encoding="UTF-8"?>
<!-- Generated by org.testng.reporters.JUnitXMLReporter -->
<testsuite ignored="0" hostname="DESKTOP-015DLJU" failures="0" tests="5" name="InventoryTest" time="16.917" errors="0" timestamp="2024-07-08T02:08:17 IST">
  <testcase classname="com.SwagLabs.TestCases.InventoryPageTest" name="verifySortItems" time="2.414"/>
  <testcase classname="com.SwagLabs.TestCases.InventoryPageTest" name="verifyproductDisplay" time="0.341"/>
  <testcase classname="com.SwagLabs.TestCases.InventoryPageTest" name="verifyproductCount" time="0.053"/>
  <testcase classname="com.SwagLabs.TestCases.InventoryPageTest" name="verifyaddProductToCart" time="4.632"/>
  <testcase classname="com.SwagLabs.TestCases.InventoryPageTest" name="verifyCartcheck" time="3.192"/>
</testsuite> <!-- InventoryTest -->
