<?xml version="1.0" encoding="UTF-8"?>
<!-- Generated by org.testng.reporters.JUnitXMLReporter -->
<testsuite ignored="0" hostname="DESKTOP-015DLJU" failures="0" tests="3" name="LoginTest" time="5.055" errors="0" timestamp="2024-07-27T20:25:34 IST">
  <testcase classname="com.SwagLabs.TestCases.LoginPageTest" name="urlCheck" time="0.049"/>
  <testcase classname="com.SwagLabs.TestCases.LoginPageTest" name="titleCheck" time="0.028"/>
  <testcase classname="com.SwagLabs.TestCases.LoginPageTest" name="loginfnCheck" time="0.646"/>
</testsuite> <!-- LoginTest -->
